This file contains any messages produced by compilers while
running configure, to aid debugging if configure makes a mistake.

It was created by linx configure 2.6.9, which was
generated by GNU Autoconf 2.69.  Invocation command line was

  $ ./configure 

## --------- ##
## Platform. ##
## --------- ##

hostname = work
uname -m = x86_64
uname -r = 6.1.0-9-amd64
uname -s = Linux
uname -v = #1 SMP PREEMPT_DYNAMIC Debian 6.1.27-1 (2023-05-08)

/usr/bin/uname -p = unknown
/bin/uname -X     = unknown

/bin/arch              = x86_64
/usr/bin/arch -k       = unknown
/usr/convex/getsysinfo = unknown
/usr/bin/hostinfo      = unknown
/bin/machine           = unknown
/usr/bin/oslevel       = unknown
/bin/universe          = unknown

PATH: /opt/Xuantie-900-gcc-linux-5.10.4-glibc-x86_64-V2.6.0/bin
PATH: /opt/gcc-arm-none-eabi-9-2019-q4-major/bin
PATH: /opt/gcc-arm-9.2-2019.12-x86_64-aarch64-none-linux-gnu/bin
PATH: /usr/sbin
PATH: /usr/local/bin
PATH: /usr/bin
PATH: /bin
PATH: /usr/local/games
PATH: /usr/games
PATH: /opt/arc-fullhan-elf32/bin
PATH: /opt/aarch64-none-linux-gnu/bin


## ----------- ##
## Core tests. ##
## ----------- ##

configure:2192: checking for gcc
configure:2208: found /usr/bin/gcc
configure:2219: result: gcc
configure:2448: checking for C compiler version
configure:2457: gcc --version >&5
gcc (Debian 9.3.0-22) 9.3.0
Copyright (C) 2019 Free Software Foundation, Inc.
This is free software; see the source for copying conditions.  There is NO
warranty; not even for MERCHANTABILITY or FITNESS FOR A PARTICULAR PURPOSE.

configure:2468: $? = 0
configure:2457: gcc -v >&5
Using built-in specs.
COLLECT_GCC=gcc
COLLECT_LTO_WRAPPER=/usr/lib/gcc/x86_64-linux-gnu/9/lto-wrapper
OFFLOAD_TARGET_NAMES=nvptx-none:hsa
OFFLOAD_TARGET_DEFAULT=1
Target: x86_64-linux-gnu
Configured with: ../src/configure -v --with-pkgversion='Debian 9.3.0-22' --with-bugurl=file:///usr/share/doc/gcc-9/README.Bugs --enable-languages=c,ada,c++,go,brig,d,fortran,objc,obj-c++,gm2 --prefix=/usr --with-gcc-major-version-only --program-suffix=-9 --program-prefix=x86_64-linux-gnu- --enable-shared --enable-linker-build-id --libexecdir=/usr/lib --without-included-gettext --enable-threads=posix --libdir=/usr/lib --enable-nls --enable-bootstrap --enable-clocale=gnu --enable-libstdcxx-debug --enable-libstdcxx-time=yes --with-default-libstdcxx-abi=new --enable-gnu-unique-object --disable-vtable-verify --enable-plugin --enable-default-pie --with-system-zlib --with-target-system-zlib=auto --enable-objc-gc=auto --enable-multiarch --disable-werror --with-arch-32=i686 --with-abi=m64 --with-multilib-list=m32,m64,mx32 --enable-multilib --with-tune=generic --enable-offload-targets=nvptx-none=/build/gcc-9-qDpJlL/gcc-9-9.3.0/debian/tmp-nvptx/usr,hsa --without-cuda-driver --enable-checking=release --build=x86_64-linux-gnu --host=x86_64-linux-gnu --target=x86_64-linux-gnu --with-build-config=bootstrap-lto-lean --enable-link-mutex
Thread model: posix
gcc version 9.3.0 (Debian 9.3.0-22) 
configure:2468: $? = 0
configure:2457: gcc -V >&5
gcc: error: unrecognized command line option '-V'
gcc: fatal error: no input files
compilation terminated.
configure:2468: $? = 1
configure:2457: gcc -qversion >&5
gcc: error: unrecognized command line option '-qversion'; did you mean '--version'?
gcc: fatal error: no input files
compilation terminated.
configure:2468: $? = 1
configure:2488: checking whether the C compiler works
configure:2510: gcc    conftest.c  >&5
configure:2514: $? = 0
configure:2562: result: yes
configure:2565: checking for C compiler default output file name
configure:2567: result: a.out
configure:2573: checking for suffix of executables
configure:2580: gcc -o conftest    conftest.c  >&5
configure:2584: $? = 0
configure:2606: result: 
configure:2628: checking whether we are cross compiling
configure:2636: gcc -o conftest    conftest.c  >&5
configure:2640: $? = 0
configure:2647: ./conftest
configure:2651: $? = 0
configure:2666: result: no
configure:2671: checking for suffix of object files
configure:2693: gcc -c   conftest.c >&5
configure:2697: $? = 0
configure:2718: result: o
configure:2722: checking whether we are using the GNU C compiler
configure:2741: gcc -c   conftest.c >&5
configure:2741: $? = 0
configure:2750: result: yes
configure:2759: checking whether gcc accepts -g
configure:2779: gcc -c -g  conftest.c >&5
configure:2779: $? = 0
configure:2820: result: yes
configure:2837: checking for gcc option to accept ISO C89
configure:2900: gcc  -c -g -O2  conftest.c >&5
configure:2900: $? = 0
configure:2913: result: none needed
configure:2970: checking whether gcc understands -c and -o together
configure:2992: gcc -c conftest.c -o conftest2.o
configure:2995: $? = 0
configure:2992: gcc -c conftest.c -o conftest2.o
configure:2995: $? = 0
configure:3007: result: yes
configure:3041: checking for a BSD-compatible install
configure:3109: result: /usr/bin/install -c
configure:3120: checking whether build environment is sane
configure:3175: result: yes
configure:3323: checking for a thread-safe mkdir -p
configure:3362: result: /usr/bin/mkdir -p
configure:3369: checking for gawk
configure:3385: found /usr/bin/gawk
configure:3396: result: gawk
configure:3407: checking whether make sets $(MAKE)
configure:3429: result: yes
configure:3451: checking whether make supports the include directive
configure:3466: make -f confmf.GNU && cat confinc.out
this is the am__doit target
configure:3469: $? = 0
configure:3488: result: yes (GNU style)
configure:3521: checking whether make supports nested variables
configure:3538: result: yes
configure:3624: checking dependency style of gcc
configure:3735: result: gcc3
configure:3871: checking whether UID '1000' is supported by ustar format
configure:3874: result: yes
configure:3881: checking whether GID '1000' is supported by ustar format
configure:3884: result: yes
configure:3892: checking how to create a ustar tar archive
configure:3903: tar --version
tar (GNU tar) 1.34
Copyright (C) 2021 Free Software Foundation, Inc.
License GPLv3+: GNU GPL version 3 or later <https://gnu.org/licenses/gpl.html>.
This is free software: you are free to change and redistribute it.
There is NO WARRANTY, to the extent permitted by law.

Written by John Gilmore and Jay Fenlason.
configure:3906: $? = 0
configure:3946: tardir=conftest.dir && eval tar --format=ustar -chf - "$tardir" >conftest.tar
configure:3949: $? = 0
configure:3953: tar -xf - <conftest.tar
configure:3956: $? = 0
configure:3958: cat conftest.dir/file
GrepMe
configure:3961: $? = 0
configure:3974: result: gnutar
configure:3983: checking dependency style of gcc
configure:4094: result: gcc3
configure:4233: checking build system type
configure:4247: result: x86_64-pc-linux-gnu
configure:4267: checking host system type
configure:4280: result: x86_64-pc-linux-gnu
configure:4321: checking how to print strings
configure:4348: result: printf
configure:4369: checking for a sed that does not truncate output
configure:4433: result: /usr/bin/sed
configure:4451: checking for grep that handles long lines and -e
configure:4509: result: /usr/bin/grep
configure:4514: checking for egrep
configure:4576: result: /usr/bin/grep -E
configure:4581: checking for fgrep
configure:4643: result: /usr/bin/grep -F
configure:4678: checking for ld used by gcc
configure:4745: result: /usr/bin/ld
configure:4752: checking if the linker (/usr/bin/ld) is GNU ld
configure:4767: result: yes
configure:4779: checking for BSD- or MS-compatible name lister (nm)
configure:4833: result: /usr/bin/nm -B
configure:4963: checking the name lister (/usr/bin/nm -B) interface
configure:4970: gcc -c   conftest.c >&5
configure:4973: /usr/bin/nm -B "conftest.o"
configure:4976: output
0000000000000000 B some_variable
configure:4983: result: BSD nm
configure:4986: checking whether ln -s works
configure:4990: result: yes
configure:4998: checking the maximum length of command line arguments
configure:5129: result: 1572864
configure:5177: checking how to convert x86_64-pc-linux-gnu file names to x86_64-pc-linux-gnu format
configure:5217: result: func_convert_file_noop
configure:5224: checking how to convert x86_64-pc-linux-gnu file names to toolchain format
configure:5244: result: func_convert_file_noop
configure:5251: checking for /usr/bin/ld option to reload object files
configure:5258: result: -r
configure:5332: checking for objdump
configure:5348: found /usr/bin/objdump
configure:5359: result: objdump
configure:5391: checking how to recognize dependent libraries
configure:5591: result: pass_all
configure:5676: checking for dlltool
configure:5706: result: no
configure:5736: checking how to associate runtime and link libraries
configure:5763: result: printf %s\n
configure:5824: checking for ar
configure:5840: found /usr/bin/ar
configure:5851: result: ar
configure:5888: checking for archiver @FILE support
configure:5905: gcc -c   conftest.c >&5
configure:5905: $? = 0
configure:5908: ar cru libconftest.a @conftest.lst >&5
ar: `u' modifier ignored since `D' is the default (see `U')
configure:5911: $? = 0
configure:5916: ar cru libconftest.a @conftest.lst >&5
ar: `u' modifier ignored since `D' is the default (see `U')
ar: conftest.o: No such file or directory
configure:5919: $? = 1
configure:5931: result: @
configure:5989: checking for strip
configure:6005: found /usr/bin/strip
configure:6016: result: strip
configure:6088: checking for ranlib
configure:6104: found /usr/bin/ranlib
configure:6115: result: ranlib
configure:6217: checking command to parse /usr/bin/nm -B output from gcc object
configure:6370: gcc -c   conftest.c >&5
configure:6373: $? = 0
configure:6377: /usr/bin/nm -B conftest.o \| sed -n -e 's/^.*[ ]\([ABCDGIRSTW][ABCDGIRSTW]*\)[ ][ ]*\([_A-Za-z][_A-Za-z0-9]*\)$/\1 \2 \2/p' | sed '/ __gnu_lto/d' \> conftest.nm
configure:6380: $? = 0
configure:6446: gcc -o conftest    conftest.c conftstm.o >&5
configure:6449: $? = 0
configure:6487: result: ok
configure:6534: checking for sysroot
configure:6564: result: no
configure:6571: checking for a working dd
configure:6609: result: /usr/bin/dd
configure:6613: checking how to truncate binary pipes
configure:6628: result: /usr/bin/dd bs=4096 count=1
configure:6764: gcc -c   conftest.c >&5
configure:6767: $? = 0
configure:6957: checking for mt
configure:6973: found /usr/bin/mt
configure:6984: result: mt
configure:7007: checking if mt is a manifest tool
configure:7013: mt '-?'
configure:7021: result: no
configure:7698: checking how to run the C preprocessor
configure:7729: gcc -E  conftest.c
configure:7729: $? = 0
configure:7743: gcc -E  conftest.c
conftest.c:13:10: fatal error: ac_nonexistent.h: No such file or directory
   13 | #include <ac_nonexistent.h>
      |          ^~~~~~~~~~~~~~~~~~
compilation terminated.
configure:7743: $? = 1
configure: failed program was:
| /* confdefs.h */
| #define PACKAGE_NAME "linx"
| #define PACKAGE_TARNAME "linx"
| #define PACKAGE_VERSION "2.6.9"
| #define PACKAGE_STRING "linx 2.6.9"
| #define PACKAGE_BUGREPORT "linx@enea.com"
| #define PACKAGE_URL ""
| #define PACKAGE "linx"
| #define VERSION "2.6.9"
| #define PACKAGE "linx"
| #define VERSION "2.6.9"
| /* end confdefs.h.  */
| #include <ac_nonexistent.h>
configure:7768: result: gcc -E
configure:7788: gcc -E  conftest.c
configure:7788: $? = 0
configure:7802: gcc -E  conftest.c
conftest.c:13:10: fatal error: ac_nonexistent.h: No such file or directory
   13 | #include <ac_nonexistent.h>
      |          ^~~~~~~~~~~~~~~~~~
compilation terminated.
configure:7802: $? = 1
configure: failed program was:
| /* confdefs.h */
| #define PACKAGE_NAME "linx"
| #define PACKAGE_TARNAME "linx"
| #define PACKAGE_VERSION "2.6.9"
| #define PACKAGE_STRING "linx 2.6.9"
| #define PACKAGE_BUGREPORT "linx@enea.com"
| #define PACKAGE_URL ""
| #define PACKAGE "linx"
| #define VERSION "2.6.9"
| #define PACKAGE "linx"
| #define VERSION "2.6.9"
| /* end confdefs.h.  */
| #include <ac_nonexistent.h>
configure:7831: checking for ANSI C header files
configure:7851: gcc -c   conftest.c >&5
configure:7851: $? = 0
configure:7924: gcc -o conftest    conftest.c  >&5
configure:7924: $? = 0
configure:7924: ./conftest
configure:7924: $? = 0
configure:7935: result: yes
configure:7948: checking for sys/types.h
configure:7948: gcc -c   conftest.c >&5
configure:7948: $? = 0
configure:7948: result: yes
configure:7948: checking for sys/stat.h
configure:7948: gcc -c   conftest.c >&5
configure:7948: $? = 0
configure:7948: result: yes
configure:7948: checking for stdlib.h
configure:7948: gcc -c   conftest.c >&5
configure:7948: $? = 0
configure:7948: result: yes
configure:7948: checking for string.h
configure:7948: gcc -c   conftest.c >&5
configure:7948: $? = 0
configure:7948: result: yes
configure:7948: checking for memory.h
configure:7948: gcc -c   conftest.c >&5
configure:7948: $? = 0
configure:7948: result: yes
configure:7948: checking for strings.h
configure:7948: gcc -c   conftest.c >&5
configure:7948: $? = 0
configure:7948: result: yes
configure:7948: checking for inttypes.h
configure:7948: gcc -c   conftest.c >&5
configure:7948: $? = 0
configure:7948: result: yes
configure:7948: checking for stdint.h
configure:7948: gcc -c   conftest.c >&5
configure:7948: $? = 0
configure:7948: result: yes
configure:7948: checking for unistd.h
configure:7948: gcc -c   conftest.c >&5
configure:7948: $? = 0
configure:7948: result: yes
configure:7962: checking for dlfcn.h
configure:7962: gcc -c   conftest.c >&5
configure:7962: $? = 0
configure:7962: result: yes
configure:8218: checking for objdir
configure:8233: result: .libs
configure:8493: checking if gcc supports -fno-rtti -fno-exceptions
configure:8511: gcc -c   -fno-rtti -fno-exceptions conftest.c >&5
cc1: warning: command line option '-fno-rtti' is valid for C++/D/ObjC++ but not for C
configure:8515: $? = 0
configure:8528: result: no
configure:8886: checking for gcc option to produce PIC
configure:8893: result: -fPIC -DPIC
configure:8901: checking if gcc PIC flag -fPIC -DPIC works
configure:8919: gcc -c   -fPIC -DPIC -DPIC conftest.c >&5
configure:8923: $? = 0
configure:8936: result: yes
configure:8965: checking if gcc static flag -static works
configure:8993: result: yes
configure:9008: checking if gcc supports -c -o file.o
configure:9029: gcc -c   -o out/conftest2.o conftest.c >&5
configure:9033: $? = 0
configure:9055: result: yes
configure:9063: checking if gcc supports -c -o file.o
configure:9110: result: yes
configure:9143: checking whether the gcc linker (/usr/bin/ld -m elf_x86_64) supports shared libraries
configure:10406: result: yes
configure:10443: checking whether -lc should be explicitly linked in
configure:10451: gcc -c   conftest.c >&5
configure:10454: $? = 0
configure:10469: gcc -shared  -fPIC -DPIC conftest.o  -v -Wl,-soname -Wl,conftest -o conftest 2\>\&1 \| /usr/bin/grep  -lc  \>/dev/null 2\>\&1
configure:10472: $? = 0
configure:10486: result: no
configure:10646: checking dynamic linker characteristics
configure:11227: gcc -o conftest    -Wl,-rpath -Wl,/foo conftest.c  >&5
configure:11227: $? = 0
configure:11476: result: GNU/Linux ld.so
configure:11598: checking how to hardcode library paths into programs
configure:11623: result: immediate
configure:12171: checking whether stripping libraries is possible
configure:12176: result: yes
configure:12211: checking if libtool supports shared libraries
configure:12213: result: yes
configure:12216: checking whether to build shared libraries
configure:12241: result: yes
configure:12244: checking whether to build static libraries
configure:12248: result: yes
configure:12424: checking that generated files are newer than configure
configure:12430: result: done
configure:12473: creating ./config.status

## ---------------------- ##
## Running config.status. ##
## ---------------------- ##

This file was extended by linx config.status 2.6.9, which was
generated by GNU Autoconf 2.69.  Invocation command line was

  CONFIG_FILES    = 
  CONFIG_HEADERS  = 
  CONFIG_LINKS    = 
  CONFIG_COMMANDS = 
  $ ./config.status 

on work

config.status:1020: creating Makefile
config.status:1020: creating liblinx/Makefile
config.status:1020: creating linxstat/Makefile
config.status:1020: creating linxgw/linxgws/Makefile
config.status:1020: creating bmark/linx_bmark/Makefile
config.status:1020: creating example/linx_basic/Makefile
config.status:1020: creating linxcfg/Makefile
config.status:1020: creating linxdisc/Makefile
config.status:1020: creating linxgw/libgw/Makefile
config.status:1020: creating linxgw/linxgwcmd/Makefile
config.status:1192: executing depfiles commands
config.status:1269: cd liblinx       && sed -e '/# am--include-marker/d' Makefile         | make -f - am--depfiles
config.status:1274: $? = 0
config.status:1269: cd linxstat       && sed -e '/# am--include-marker/d' Makefile         | make -f - am--depfiles
config.status:1274: $? = 0
config.status:1269: cd linxgw/linxgws       && sed -e '/# am--include-marker/d' Makefile         | make -f - am--depfiles
config.status:1274: $? = 0
config.status:1269: cd bmark/linx_bmark       && sed -e '/# am--include-marker/d' Makefile         | make -f - am--depfiles
config.status:1274: $? = 0
config.status:1269: cd example/linx_basic       && sed -e '/# am--include-marker/d' Makefile         | make -f - am--depfiles
config.status:1274: $? = 0
config.status:1269: cd linxcfg       && sed -e '/# am--include-marker/d' Makefile         | make -f - am--depfiles
config.status:1274: $? = 0
config.status:1269: cd linxdisc       && sed -e '/# am--include-marker/d' Makefile         | make -f - am--depfiles
config.status:1274: $? = 0
config.status:1269: cd linxgw/libgw       && sed -e '/# am--include-marker/d' Makefile         | make -f - am--depfiles
config.status:1274: $? = 0
config.status:1269: cd linxgw/linxgwcmd       && sed -e '/# am--include-marker/d' Makefile         | make -f - am--depfiles
config.status:1274: $? = 0
config.status:1192: executing libtool commands

## ---------------- ##
## Cache variables. ##
## ---------------- ##

ac_cv_build=x86_64-pc-linux-gnu
ac_cv_c_compiler_gnu=yes
ac_cv_env_CC_set=
ac_cv_env_CC_value=
ac_cv_env_CFLAGS_set=
ac_cv_env_CFLAGS_value=
ac_cv_env_CPPFLAGS_set=
ac_cv_env_CPPFLAGS_value=
ac_cv_env_CPP_set=
ac_cv_env_CPP_value=
ac_cv_env_LDFLAGS_set=
ac_cv_env_LDFLAGS_value=
ac_cv_env_LIBS_set=
ac_cv_env_LIBS_value=
ac_cv_env_LT_SYS_LIBRARY_PATH_set=
ac_cv_env_LT_SYS_LIBRARY_PATH_value=
ac_cv_env_build_alias_set=
ac_cv_env_build_alias_value=
ac_cv_env_host_alias_set=
ac_cv_env_host_alias_value=
ac_cv_env_target_alias_set=
ac_cv_env_target_alias_value=
ac_cv_header_dlfcn_h=yes
ac_cv_header_inttypes_h=yes
ac_cv_header_memory_h=yes
ac_cv_header_stdc=yes
ac_cv_header_stdint_h=yes
ac_cv_header_stdlib_h=yes
ac_cv_header_string_h=yes
ac_cv_header_strings_h=yes
ac_cv_header_sys_stat_h=yes
ac_cv_header_sys_types_h=yes
ac_cv_header_unistd_h=yes
ac_cv_host=x86_64-pc-linux-gnu
ac_cv_objext=o
ac_cv_path_EGREP='/usr/bin/grep -E'
ac_cv_path_FGREP='/usr/bin/grep -F'
ac_cv_path_GREP=/usr/bin/grep
ac_cv_path_SED=/usr/bin/sed
ac_cv_path_install='/usr/bin/install -c'
ac_cv_path_lt_DD=/usr/bin/dd
ac_cv_path_mkdir=/usr/bin/mkdir
ac_cv_prog_AWK=gawk
ac_cv_prog_CPP='gcc -E'
ac_cv_prog_ac_ct_AR=ar
ac_cv_prog_ac_ct_CC=gcc
ac_cv_prog_ac_ct_MANIFEST_TOOL=mt
ac_cv_prog_ac_ct_OBJDUMP=objdump
ac_cv_prog_ac_ct_RANLIB=ranlib
ac_cv_prog_ac_ct_STRIP=strip
ac_cv_prog_cc_c89=
ac_cv_prog_cc_g=yes
ac_cv_prog_make_make_set=yes
am_cv_CC_dependencies_compiler_type=gcc3
am_cv_make_support_nested_variables=yes
am_cv_prog_cc_c_o=yes
am_cv_prog_tar_ustar=gnutar
lt_cv_ar_at_file=@
lt_cv_archive_cmds_need_lc=no
lt_cv_deplibs_check_method=pass_all
lt_cv_file_magic_cmd='$MAGIC_CMD'
lt_cv_file_magic_test_file=
lt_cv_ld_reload_flag=-r
lt_cv_nm_interface='BSD nm'
lt_cv_objdir=.libs
lt_cv_path_LD=/usr/bin/ld
lt_cv_path_NM='/usr/bin/nm -B'
lt_cv_path_mainfest_tool=no
lt_cv_prog_compiler_c_o=yes
lt_cv_prog_compiler_pic='-fPIC -DPIC'
lt_cv_prog_compiler_pic_works=yes
lt_cv_prog_compiler_rtti_exceptions=no
lt_cv_prog_compiler_static_works=yes
lt_cv_prog_gnu_ld=yes
lt_cv_sharedlib_from_linklib_cmd='printf %s\n'
lt_cv_shlibpath_overrides_runpath=yes
lt_cv_sys_global_symbol_pipe='sed -n -e '\''s/^.*[	 ]\([ABCDGIRSTW][ABCDGIRSTW]*\)[	 ][	 ]*\([_A-Za-z][_A-Za-z0-9]*\)$/\1 \2 \2/p'\'' | sed '\''/ __gnu_lto/d'\'''
lt_cv_sys_global_symbol_to_c_name_address='sed -n -e '\''s/^: \(.*\) .*$/  {"\1", (void *) 0},/p'\'' -e '\''s/^[ABCDGIRSTW][ABCDGIRSTW]* .* \(.*\)$/  {"\1", (void *) \&\1},/p'\'''
lt_cv_sys_global_symbol_to_c_name_address_lib_prefix='sed -n -e '\''s/^: \(.*\) .*$/  {"\1", (void *) 0},/p'\'' -e '\''s/^[ABCDGIRSTW][ABCDGIRSTW]* .* \(lib.*\)$/  {"\1", (void *) \&\1},/p'\'' -e '\''s/^[ABCDGIRSTW][ABCDGIRSTW]* .* \(.*\)$/  {"lib\1", (void *) \&\1},/p'\'''
lt_cv_sys_global_symbol_to_cdecl='sed -n -e '\''s/^T .* \(.*\)$/extern int \1();/p'\'' -e '\''s/^[ABCDGIRSTW][ABCDGIRSTW]* .* \(.*\)$/extern char \1;/p'\'''
lt_cv_sys_global_symbol_to_import=
lt_cv_sys_max_cmd_len=1572864
lt_cv_to_host_file_cmd=func_convert_file_noop
lt_cv_to_tool_file_cmd=func_convert_file_noop
lt_cv_truncate_bin='/usr/bin/dd bs=4096 count=1'

## ----------------- ##
## Output variables. ##
## ----------------- ##

ACLOCAL='${SHELL} /home/proudeng/Code/linx-2.6.9/missing aclocal-1.16'
AMDEPBACKSLASH='\'
AMDEP_FALSE='#'
AMDEP_TRUE=''
AMTAR='$${TAR-tar}'
AM_BACKSLASH='\'
AM_DEFAULT_V='$(AM_DEFAULT_VERBOSITY)'
AM_DEFAULT_VERBOSITY='1'
AM_V='$(V)'
AR='ar'
AUTOCONF='${SHELL} /home/proudeng/Code/linx-2.6.9/missing autoconf'
AUTOHEADER='${SHELL} /home/proudeng/Code/linx-2.6.9/missing autoheader'
AUTOMAKE='${SHELL} /home/proudeng/Code/linx-2.6.9/missing automake-1.16'
AWK='gawk'
CC='gcc'
CCDEPMODE='depmode=gcc3'
CFLAGS=''
CPP='gcc -E'
CPPFLAGS=''
CYGPATH_W='echo'
DEBUG_FALSE=''
DEBUG_TRUE='#'
DEFS='-DPACKAGE_NAME=\"linx\" -DPACKAGE_TARNAME=\"linx\" -DPACKAGE_VERSION=\"2.6.9\" -DPACKAGE_STRING=\"linx\ 2.6.9\" -DPACKAGE_BUGREPORT=\"linx@enea.com\" -DPACKAGE_URL=\"\" -DPACKAGE=\"linx\" -DVERSION=\"2.6.9\" -DPACKAGE=\"linx\" -DVERSION=\"2.6.9\" -DSTDC_HEADERS=1 -DHAVE_SYS_TYPES_H=1 -DHAVE_SYS_STAT_H=1 -DHAVE_STDLIB_H=1 -DHAVE_STRING_H=1 -DHAVE_MEMORY_H=1 -DHAVE_STRINGS_H=1 -DHAVE_INTTYPES_H=1 -DHAVE_STDINT_H=1 -DHAVE_UNISTD_H=1 -DHAVE_DLFCN_H=1 -DLT_OBJDIR=\".libs/\"'
DEPDIR='.deps'
DLLTOOL='false'
DOC_FALSE='#'
DOC_TRUE=''
DSYMUTIL=''
DUMPBIN=''
ECHO_C=''
ECHO_N='-n'
ECHO_T=''
EGREP='/usr/bin/grep -E'
EXEEXT=''
FGREP='/usr/bin/grep -F'
GREP='/usr/bin/grep'
INSTALL_DATA='${INSTALL} -m 644'
INSTALL_PROGRAM='${INSTALL}'
INSTALL_SCRIPT='${INSTALL}'
INSTALL_STRIP_PROGRAM='$(install_sh) -c -s'
LD='/usr/bin/ld -m elf_x86_64'
LDFLAGS=''
LIBOBJS=''
LIBS=''
LIBTOOL='$(SHELL) $(top_builddir)/libtool'
LIPO=''
LN_S='ln -s'
LTLIBOBJS=''
LT_SYS_LIBRARY_PATH=''
MAKEINFO='${SHELL} /home/proudeng/Code/linx-2.6.9/missing makeinfo'
MANIFEST_TOOL=':'
MKDIR_P='/usr/bin/mkdir -p'
NM='/usr/bin/nm -B'
NMEDIT=''
OBJDUMP='objdump'
OBJEXT='o'
OTOOL64=''
OTOOL=''
PACKAGE='linx'
PACKAGE_BUGREPORT='linx@enea.com'
PACKAGE_NAME='linx'
PACKAGE_STRING='linx 2.6.9'
PACKAGE_TARNAME='linx'
PACKAGE_URL=''
PACKAGE_VERSION='2.6.9'
PATH_SEPARATOR=':'
RANLIB='ranlib'
SED='/usr/bin/sed'
SET_MAKE=''
SHELL='/bin/bash'
STRIP='strip'
VERSION='2.6.9'
ac_ct_AR='ar'
ac_ct_CC='gcc'
ac_ct_DUMPBIN=''
am__EXEEXT_FALSE=''
am__EXEEXT_TRUE='#'
am__fastdepCC_FALSE='#'
am__fastdepCC_TRUE=''
am__include='include'
am__isrc=''
am__leading_dot='.'
am__nodep='_no'
am__quote=''
am__tar='tar --format=ustar -chf - "$$tardir"'
am__untar='tar -xf -'
bindir='${exec_prefix}/bin'
build='x86_64-pc-linux-gnu'
build_alias=''
build_cpu='x86_64'
build_os='linux-gnu'
build_vendor='pc'
datadir='${datarootdir}'
datarootdir='${prefix}/share'
docdir='${datarootdir}/doc/${PACKAGE_TARNAME}'
dvidir='${docdir}'
exec_prefix='${prefix}'
host='x86_64-pc-linux-gnu'
host_alias=''
host_cpu='x86_64'
host_os='linux-gnu'
host_vendor='pc'
htmldir='${docdir}'
includedir='${prefix}/include'
infodir='${datarootdir}/info'
install_sh='${SHELL} /home/proudeng/Code/linx-2.6.9/install-sh'
libdir='${exec_prefix}/lib'
libexecdir='${exec_prefix}/libexec'
localedir='${datarootdir}/locale'
localstatedir='${prefix}/var'
mandir='${datarootdir}/man'
mkdir_p='$(MKDIR_P)'
oldincludedir='/usr/include'
pdfdir='${docdir}'
prefix='/usr/local'
program_transform_name='s,x,x,'
psdir='${docdir}'
runstatedir='${localstatedir}/run'
sbindir='${exec_prefix}/sbin'
sharedstatedir='${prefix}/com'
sysconfdir='${prefix}/etc'
target_alias=''

## ----------- ##
## confdefs.h. ##
## ----------- ##

/* confdefs.h */
#define PACKAGE_NAME "linx"
#define PACKAGE_TARNAME "linx"
#define PACKAGE_VERSION "2.6.9"
#define PACKAGE_STRING "linx 2.6.9"
#define PACKAGE_BUGREPORT "linx@enea.com"
#define PACKAGE_URL ""
#define PACKAGE "linx"
#define VERSION "2.6.9"
#define PACKAGE "linx"
#define VERSION "2.6.9"
#define STDC_HEADERS 1
#define HAVE_SYS_TYPES_H 1
#define HAVE_SYS_STAT_H 1
#define HAVE_STDLIB_H 1
#define HAVE_STRING_H 1
#define HAVE_MEMORY_H 1
#define HAVE_STRINGS_H 1
#define HAVE_INTTYPES_H 1
#define HAVE_STDINT_H 1
#define HAVE_UNISTD_H 1
#define HAVE_DLFCN_H 1
#define LT_OBJDIR ".libs/"

configure: exit 0
